> Task :app:checkKotlinGradlePluginConfigurationErrors
> Task :app:preBuild UP-TO-DATE
> Task :app:preDebugBuild UP-TO-DATE
> Task :app:checkDebugAarMetadata UP-TO-DATE
> Task :app:generateDebugResValues UP-TO-DATE
> Task :app:mapDebugSourceSetPaths UP-TO-DATE
> Task :app:generateDebugResources UP-TO-DATE
> Task :app:mergeDebugResources UP-TO-DATE
> Task :app:packageDebugResources UP-TO-DATE
> Task :app:parseDebugLocalResources UP-TO-DATE
> Task :app:createDebugCompatibleScreenManifests UP-TO-DATE
> Task :app:extractDeepLinksDebug UP-TO-DATE
> Task :app:processDebugMainManifest UP-TO-DATE
> Task :app:processDebugManifest UP-TO-DATE
> Task :app:processDebugManifestForPackage UP-TO-DATE
> Task :app:processDebugResources UP-TO-DATE
> Task :app:kspDebugKotlin UP-TO-DATE

> Task :app:compileDebugKotlin
e: file:///C:/Users/abrah/Downloads/Documents/faith-quiz-app-repository/app/src/main/java/com/example/faithquiz/ui/view/journey/JourneyScreen.kt:61:37 Unresolved reference: DeepRoyalPurple
e: file:///C:/Users/abrah/Downloads/Documents/faith-quiz-app-repository/app/src/main/java/com/example/faithquiz/ui/view/journey/JourneyScreen.kt:77:32 Unresolved reference: GlowingGold
e: file:///C:/Users/abrah/Downloads/Documents/faith-quiz-app-repository/app/src/main/java/com/example/faithquiz/ui/view/journey/JourneyScreen.kt:87:29 Unresolved reference: GlowingGold
e: file:///C:/Users/abrah/Downloads/Documents/faith-quiz-app-repository/app/src/main/java/com/example/faithquiz/ui/view/journey/JourneyScreen.kt:199:22 Unresolved reference: scale
e: file:///C:/Users/abrah/Downloads/Documents/faith-quiz-app-repository/app/src/main/java/com/example/faithquiz/ui/view/journey/JourneyScreen.kt:203:45 Unresolved reference: GlowingGold
e: file:///C:/Users/abrah/Downloads/Documents/faith-quiz-app-repository/app/src/main/java/com/example/faithquiz/ui/view/journey/JourneyScreen.kt:253:41 Unresolved reference: GlowingGold
e: file:///C:/Users/abrah/Downloads/Documents/faith-quiz-app-repository/app/src/main/java/com/example/faithquiz/ui/view/journey/JourneyScreen.kt:271:21 Unresolved reference: GlowingGold
e: file:///C:/Users/abrah/Downloads/Documents/faith-quiz-app-repository/app/src/main/java/com/example/faithquiz/ui/view/journey/JourneyScreen.kt:278:21 Unresolved reference: GlowingGold

> Task :app:compileDebugKotlin FAILED

FAILURE: Build failed with an exception.

* What went wrong:
Execution failed for task ':app:compileDebugKotlin'.
> A failure occurred while executing org.jetbrains.kotlin.compilerRunner.GradleCompilerRunnerWithWorkers$GradleKotlinCompilerWorkAction
   > Compilation error. See log for more details

* Try:
> Run with --stacktrace option to get the stack trace.
> Run with --info or --debug option to get more log output.
> Run with --scan to get full insights.
> Get more help at https://help.gradle.org.

BUILD FAILED in 14s
15 actionable tasks: 2 executed, 13 up-to-date
